Using pre-set license
Built from '2021.1/staging' branch; Version is '2021.1.2f1 (e5d502d80fbb) revision 15062274'; Using compiler version '192528614'; Build Type 'Release'
OS: 'Windows 10 Enterprise; OS build 19043.1110; Version 2009; 64bit' Language: 'ru' Physical Memory: 16304 MB
BatchMode: 1, IsHumanControllingUs: 0, StartBugReporterOnCrash: 0, Is64bit: 1, IsPro: 0

 COMMAND LINE ARGUMENTS:
E:\Unity\2021.1.2f1\Editor\Unity.exe
-adb2
-batchMode
-noUpm
-name
AssetImportWorker0
-projectPath
E:/UnityProjects/Crazy Pig
-logFile
Logs/AssetImportWorker0.log
-srvPort
61080
Successfully changed project path to: E:/UnityProjects/Crazy Pig
E:/UnityProjects/Crazy Pig
Using Asset Import Pipeline V2.
Refreshing native plugins compatible for Editor in 93.76 ms, found 2 plugins.
Preloading 0 native plugins for Editor in 0.00 ms.
Initialize engine version: 2021.1.2f1 (e5d502d80fbb)
[Subsystems] Discovering subsystems at path E:/Unity/2021.1.2f1/Editor/Data/Resources/UnitySubsystems
[Subsystems] Discovering subsystems at path E:/UnityProjects/Crazy Pig/Assets
GfxDevice: creating device client; threaded=0; jobified=0
Direct3D:
    Version:  Direct3D 11.0 [level 11.1]
    Renderer: NVIDIA GeForce GTX 1050 Ti (ID=0x1c82)
    Vendor:   NVIDIA
    VRAM:     4018 MB
    Driver:   27.21.14.5671
Initialize mono
Mono path[0] = 'E:/Unity/2021.1.2f1/Editor/Data/Managed'
Mono path[1] = 'E:/Unity/2021.1.2f1/Editor/Data/MonoBleedingEdge/lib/mono/unityjit'
Mono config path = 'E:/Unity/2021.1.2f1/Editor/Data/MonoBleedingEdge/etc'
Using monoOptions --debugger-agent=transport=dt_socket,embedding=1,server=y,suspend=n,address=127.0.0.1:56864
Begin MonoManager ReloadAssembly
Registering precompiled unity dll's ...
Register platform support module: E:/Unity/2021.1.2f1/Editor/Data/PlaybackEngines/WebGLSupport/UnityEditor.WebGL.Extensions.dll
Register platform support module: E:/Unity/2021.1.2f1/Editor/Data/PlaybackEngines/MacStandaloneSupport/UnityEditor.OSXStandalone.Extensions.dll
Register platform support module: E:/Unity/2021.1.2f1/Editor/Data/PlaybackEngines/WindowsStandaloneSupport/UnityEditor.WindowsStandalone.Extensions.dll
Register platform support module: E:/Unity/2021.1.2f1/Editor/Data/PlaybackEngines/LinuxStandaloneSupport/UnityEditor.LinuxStandalone.Extensions.dll
Register platform support module: E:/Unity/2021.1.2f1/Editor/Data/PlaybackEngines/LuminSupport/UnityEditor.Lumin.Extensions.dll
Registered in 0.002014 seconds.
Native extension for Lumin target not found
Native extension for LinuxStandalone target not found
Native extension for WindowsStandalone target not found
Native extension for OSXStandalone target not found
Native extension for WebGL target not found
Refreshing native plugins compatible for Editor in 97.28 ms, found 2 plugins.
Preloading 0 native plugins for Editor in 0.00 ms.
Mono: successfully reloaded assembly
- Completed reload, in  1.566 seconds
Platform modules already initialized, skipping
Registering precompiled user dll's ...
Registered in 0.002781 seconds.
Begin MonoManager ReloadAssembly
Native extension for Lumin target not found
Native extension for LinuxStandalone target not found
Native extension for WindowsStandalone target not found
Native extension for OSXStandalone target not found
Native extension for WebGL target not found
Refreshing native plugins compatible for Editor in 94.37 ms, found 2 plugins.
Preloading 0 native plugins for Editor in 0.00 ms.
Mono: successfully reloaded assembly
- Completed reload, in  1.131 seconds
Platform modules already initialized, skipping
========================================================================
Worker process is ready to serve import requests
Launched and connected shader compiler UnityShaderCompiler.exe after 0.05 seconds
Refreshing native plugins compatible for Editor in 0.61 ms, found 2 plugins.
Preloading 0 native plugins for Editor in 0.00 ms.
Unloading 3398 Unused Serialized files (Serialized files now loaded: 0)
System memory in use before: 128.6 MB.
System memory in use after: 128.6 MB.

Unloading 29 unused Assets to reduce memory usage. Loaded Objects now: 3852.
Total: 2.901100 ms (FindLiveObjects: 0.362100 ms CreateObjectMapping: 0.366400 ms MarkObjects: 2.050800 ms  DeleteObjects: 0.120700 ms)

========================================================================
Received Import Request.
  path: Assets/Animations/Impact.anim
  artifactKey: Guid(e09899005b4b77a4998ef38e78fccd52) Importer(815301076,1909f56bfc062723c751e8b465ee728b)
Start importing Assets/Animations/Impact.anim using Guid(e09899005b4b77a4998ef38e78fccd52) Importer(815301076,1909f56bfc062723c751e8b465ee728b)  -> (artifact id: '00000000000000000000000000000000') in 2.981623 seconds  code(4) message(Build asset version error: assets/animations/impact.anim in SourceAssetDB has modification time of '2021-08-14T21:03:22.0780835Z' while content on disk has modification time of '0001-01-01T00:00:00Z' with error code 2
Stacktrace:
0x00007ff6559b4cdc (Unity) StackWalker::GetCurrentCallstack
0x00007ff6559bae79 (Unity) StackWalker::ShowCallstack
0x00007ff6561ad803 (Unity) GetStacktrace
0x00007ff6562e0ea9 (Unity) GetAssetHashAndValidate
0x00007ff6562dc54a (Unity) AssetVersionBuilder::BuildHashOfSourceAssetArray
0x00007ff6562da807 (Unity) AssetVersionBuilder::BuildAssetVersion
0x00007ff6562b5709 (Unity) CreateAssetVersionBuilder
0x00007ff6562bba12 (Unity) ImportToObjects
0x00007ff6562ba7e8 (Unity) ImportAsset
0x00007ff656257f0f (Unity) AssetImportWorker::Import
0x00007ff65627aeb2 (Unity) <lambda_9a0c3c600e605f826d039b184a304624>::operator()
0x00007ff6562ff742 (Unity) asio::detail::completion_handler<core::mutable_function<void __cdecl(void)> >::do_complete
0x00007ff6563019b0 (Unity) asio::detail::win_iocp_io_service::do_one
0x00007ff65630509e (Unity) asio::io_service::run
0x00007ff6562a472a (Unity) RunAssetImportWorkerClientV2
0x00007ff6562a4780 (Unity) RunAssetImporterV2
0x00007ff655da9376 (Unity) Application::InitializeProject
0x00007ff6561b6eb7 (Unity) WinMain
0x00007ff657d19672 (Unity) __scrt_common_main_seh
0x00007ffcfa597034 (KERNEL32) BaseThreadInitThunk
0x00007ffcfc1e2651 (ntdll) RtlUserThreadStart
)
  ERROR: Build asset version error: assets/animations/impact.anim in SourceAssetDB has modification time of '2021-08-14T21:03:22.0780835Z' while content on disk has modification time of '0001-01-01T00:00:00Z' with error code 2
Stacktrace:
0x00007ff6559b4cdc (Unity) StackWalker::GetCurrentCallstack
0x00007ff6559bae79 (Unity) StackWalker::ShowCallstack
0x00007ff6561ad803 (Unity) GetStacktrace
0x00007ff6562e0ea9 (Unity) GetAssetHashAndValidate
0x00007ff6562dc54a (Unity) AssetVersionBuilder::BuildHashOfSourceAssetArray
0x00007ff6562da807 (Unity) AssetVersionBuilder::BuildAssetVersion
0x00007ff6562b5709 (Unity) CreateAssetVersionBuilder
0x00007ff6562bba12 (Unity) ImportToObjects
0x00007ff6562ba7e8 (Unity) ImportAsset
0x00007ff656257f0f (Unity) AssetImportWorker::Import
0x00007ff65627aeb2 (Unity) <lambda_9a0c3c600e605f826d039b184a304624>::operator()
0x00007ff6562ff742 (Unity) asio::detail::completion_handler<core::mutable_function<void __cdecl(void)> >::do_complete
0x00007ff6563019b0 (Unity) asio::detail::win_iocp_io_service::do_one
0x00007ff65630509e (Unity) asio::io_service::run
0x00007ff6562a472a (Unity) RunAssetImportWorkerClientV2
0x00007ff6562a4780 (Unity) RunAssetImporterV2
0x00007ff655da9376 (Unity) Application::InitializeProject
0x00007ff6561b6eb7 (Unity) WinMain
0x00007ff657d19672 (Unity) __scrt_common_main_seh
0x00007ffcfa597034 (KERNEL32) BaseThreadInitThunk
0x00007ffcfc1e2651 (ntdll) RtlUserThreadStart

========================================================================
Received Import Request.
  Time since last request: 218.263099 seconds.
  path: Assets/Animations/Dog/Dog.controller
  artifactKey: Guid(9219f221eb7d5dc43a6dc8c5aad70742) Importer(815301076,1909f56bfc062723c751e8b465ee728b)
Start importing Assets/Animations/Dog/Dog.controller using Guid(9219f221eb7d5dc43a6dc8c5aad70742) Importer(815301076,1909f56bfc062723c751e8b465ee728b)  -> (artifact id: 'fc11531a1fe6e237cc19335e8edff4d0') in 0.019887 seconds 
========================================================================
Received Import Request.
  Time since last request: 12.242462 seconds.
  path: Assets/Animations/Pig/Pig.controller
  artifactKey: Guid(377e15d0d24e7c842b90742e802dab4d) Importer(815301076,1909f56bfc062723c751e8b465ee728b)
Start importing Assets/Animations/Pig/Pig.controller using Guid(377e15d0d24e7c842b90742e802dab4d) Importer(815301076,1909f56bfc062723c751e8b465ee728b)  -> (artifact id: '929a50e3a90dccd08ab780b9556de908') in 0.008895 seconds 
========================================================================
Received Import Request.
  Time since last request: 33.820609 seconds.
  path: Assets/Animations/Pig/Pig.controller
  artifactKey: Guid(377e15d0d24e7c842b90742e802dab4d) Importer(815301076,1909f56bfc062723c751e8b465ee728b)
Start importing Assets/Animations/Pig/Pig.controller using Guid(377e15d0d24e7c842b90742e802dab4d) Importer(815301076,1909f56bfc062723c751e8b465ee728b)  -> (artifact id: 'cb9773ad0a174b5890bbbf18273eee10') in 0.006207 seconds 
========================================================================
Received Prepare
Registering precompiled user dll's ...
Registered in 0.002711 seconds.
Begin MonoManager ReloadAssembly
Native extension for Lumin target not found
Native extension for LinuxStandalone target not found
Native extension for WindowsStandalone target not found
Native extension for OSXStandalone target not found
Native extension for WebGL target not found
Refreshing native plugins compatible for Editor in 0.65 ms, found 2 plugins.
Preloading 0 native plugins for Editor in 0.00 ms.
Mono: successfully reloaded assembly
- Completed reload, in  0.999 seconds
Platform modules already initialized, skipping
Refreshing native plugins compatible for Editor in 0.63 ms, found 2 plugins.
Preloading 0 native plugins for Editor in 0.00 ms.
Unloading 3393 Unused Serialized files (Serialized files now loaded: 0)
System memory in use before: 128.6 MB.
System memory in use after: 128.7 MB.

Unloading 17 unused Assets to reduce memory usage. Loaded Objects now: 3856.
Total: 2.619500 ms (FindLiveObjects: 0.283000 ms CreateObjectMapping: 0.197700 ms MarkObjects: 2.039300 ms  DeleteObjects: 0.098400 ms)

========================================================================
Received Import Request.
  Time since last request: 108.631895 seconds.
  path: Assets/Animations/Farmer/Farmer.controller
  artifactKey: Guid(8b1f81b27c6f128418d99a313daa5edb) Importer(815301076,1909f56bfc062723c751e8b465ee728b)
Start importing Assets/Animations/Farmer/Farmer.controller using Guid(8b1f81b27c6f128418d99a313daa5edb) Importer(815301076,1909f56bfc062723c751e8b465ee728b)  -> (artifact id: 'b827063052e32006ef8c6773197e33e1') in 0.017206 seconds 
========================================================================
Received Prepare
Registering precompiled user dll's ...
Registered in 0.002888 seconds.
Begin MonoManager ReloadAssembly
Native extension for Lumin target not found
Native extension for LinuxStandalone target not found
Native extension for WindowsStandalone target not found
Native extension for OSXStandalone target not found
Native extension for WebGL target not found
Refreshing native plugins compatible for Editor in 0.60 ms, found 2 plugins.
Preloading 0 native plugins for Editor in 0.00 ms.
Mono: successfully reloaded assembly
- Completed reload, in  0.994 seconds
Platform modules already initialized, skipping
Refreshing native plugins compatible for Editor in 0.61 ms, found 2 plugins.
Preloading 0 native plugins for Editor in 0.00 ms.
Unloading 3393 Unused Serialized files (Serialized files now loaded: 0)
System memory in use before: 128.7 MB.
System memory in use after: 128.8 MB.

Unloading 17 unused Assets to reduce memory usage. Loaded Objects now: 3860.
Total: 6.182800 ms (FindLiveObjects: 0.567700 ms CreateObjectMapping: 0.476900 ms MarkObjects: 4.951000 ms  DeleteObjects: 0.184800 ms)

========================================================================
Received Import Request.
  Time since last request: 106.035686 seconds.
  path: Assets/Animations/Pig/Impact.anim
  artifactKey: Guid(e09899005b4b77a4998ef38e78fccd52) Importer(815301076,1909f56bfc062723c751e8b465ee728b)
Start importing Assets/Animations/Pig/Impact.anim using Guid(e09899005b4b77a4998ef38e78fccd52) Importer(815301076,1909f56bfc062723c751e8b465ee728b)  -> (artifact id: '7a0976df43379b020840e948aa7be68a') in 0.026036 seconds 
========================================================================
Received Prepare
Registering precompiled user dll's ...
Registered in 0.002713 seconds.
Begin MonoManager ReloadAssembly
Native extension for Lumin target not found
Native extension for LinuxStandalone target not found
Native extension for WindowsStandalone target not found
Native extension for OSXStandalone target not found
Native extension for WebGL target not found
Refreshing native plugins compatible for Editor in 0.61 ms, found 2 plugins.
Preloading 0 native plugins for Editor in 0.00 ms.
Mono: successfully reloaded assembly
- Completed reload, in  0.980 seconds
Platform modules already initialized, skipping
Refreshing native plugins compatible for Editor in 0.63 ms, found 2 plugins.
Preloading 0 native plugins for Editor in 0.00 ms.
Unloading 3393 Unused Serialized files (Serialized files now loaded: 0)
System memory in use before: 128.7 MB.
System memory in use after: 128.8 MB.

Unloading 17 unused Assets to reduce memory usage. Loaded Objects now: 3864.
Total: 2.773500 ms (FindLiveObjects: 0.315600 ms CreateObjectMapping: 0.228200 ms MarkObjects: 2.119600 ms  DeleteObjects: 0.108800 ms)

========================================================================
Received Prepare
Registering precompiled user dll's ...
Registered in 0.002722 seconds.
Begin MonoManager ReloadAssembly
Native extension for Lumin target not found
Native extension for LinuxStandalone target not found
Native extension for WindowsStandalone target not found
Native extension for OSXStandalone target not found
Native extension for WebGL target not found
Refreshing native plugins compatible for Editor in 0.61 ms, found 2 plugins.
Preloading 0 native plugins for Editor in 0.00 ms.
Mono: successfully reloaded assembly
- Completed reload, in  1.018 seconds
Platform modules already initialized, skipping
Refreshing native plugins compatible for Editor in 0.65 ms, found 2 plugins.
Preloading 0 native plugins for Editor in 0.00 ms.
Unloading 3393 Unused Serialized files (Serialized files now loaded: 0)
System memory in use before: 128.7 MB.
System memory in use after: 128.8 MB.

Unloading 17 unused Assets to reduce memory usage. Loaded Objects now: 3868.
Total: 2.822600 ms (FindLiveObjects: 0.283800 ms CreateObjectMapping: 0.181500 ms MarkObjects: 2.258500 ms  DeleteObjects: 0.097700 ms)

========================================================================
Received Prepare
Registering precompiled user dll's ...
Registered in 0.002695 seconds.
Begin MonoManager ReloadAssembly
Native extension for Lumin target not found
Native extension for LinuxStandalone target not found
Native extension for WindowsStandalone target not found
Native extension for OSXStandalone target not found
Native extension for WebGL target not found
Refreshing native plugins compatible for Editor in 0.77 ms, found 2 plugins.
Preloading 0 native plugins for Editor in 0.00 ms.
Mono: successfully reloaded assembly
- Completed reload, in  0.968 seconds
Platform modules already initialized, skipping
Refreshing native plugins compatible for Editor in 0.64 ms, found 2 plugins.
Preloading 0 native plugins for Editor in 0.00 ms.
Unloading 3393 Unused Serialized files (Serialized files now loaded: 0)
System memory in use before: 128.7 MB.
System memory in use after: 128.8 MB.

Unloading 17 unused Assets to reduce memory usage. Loaded Objects now: 3872.
Total: 2.663600 ms (FindLiveObjects: 0.278400 ms CreateObjectMapping: 0.182000 ms MarkObjects: 2.096900 ms  DeleteObjects: 0.105300 ms)

========================================================================
Received Prepare
Registering precompiled user dll's ...
Registered in 0.002702 seconds.
Begin MonoManager ReloadAssembly
Native extension for Lumin target not found
Native extension for LinuxStandalone target not found
Native extension for WindowsStandalone target not found
Native extension for OSXStandalone target not found
Native extension for WebGL target not found
Refreshing native plugins compatible for Editor in 0.62 ms, found 2 plugins.
Preloading 0 native plugins for Editor in 0.00 ms.
Mono: successfully reloaded assembly
- Completed reload, in  1.114 seconds
Platform modules already initialized, skipping
Refreshing native plugins compatible for Editor in 0.63 ms, found 2 plugins.
Preloading 0 native plugins for Editor in 0.00 ms.
Unloading 3393 Unused Serialized files (Serialized files now loaded: 0)
System memory in use before: 128.7 MB.
System memory in use after: 128.8 MB.

Unloading 17 unused Assets to reduce memory usage. Loaded Objects now: 3876.
Total: 2.641400 ms (FindLiveObjects: 0.274500 ms CreateObjectMapping: 0.194200 ms MarkObjects: 2.068000 ms  DeleteObjects: 0.103800 ms)

========================================================================
Received Prepare
Registering precompiled user dll's ...
Registered in 0.002743 seconds.
Begin MonoManager ReloadAssembly
Native extension for Lumin target not found
Native extension for LinuxStandalone target not found
Native extension for WindowsStandalone target not found
Native extension for OSXStandalone target not found
Native extension for WebGL target not found
Refreshing native plugins compatible for Editor in 0.62 ms, found 2 plugins.
Preloading 0 native plugins for Editor in 0.00 ms.
Mono: successfully reloaded assembly
- Completed reload, in  0.981 seconds
Platform modules already initialized, skipping
Refreshing native plugins compatible for Editor in 0.64 ms, found 2 plugins.
Preloading 0 native plugins for Editor in 0.00 ms.
Unloading 3393 Unused Serialized files (Serialized files now loaded: 0)
System memory in use before: 128.7 MB.
System memory in use after: 128.8 MB.

Unloading 17 unused Assets to reduce memory usage. Loaded Objects now: 3880.
Total: 2.657400 ms (FindLiveObjects: 0.274000 ms CreateObjectMapping: 0.200300 ms MarkObjects: 2.079600 ms  DeleteObjects: 0.101600 ms)

========================================================================
Received Import Request.
  Time since last request: 361.465286 seconds.
  path: Assets/Animations/Pig/Pig.controller
  artifactKey: Guid(377e15d0d24e7c842b90742e802dab4d) Importer(815301076,1909f56bfc062723c751e8b465ee728b)
Start importing Assets/Animations/Pig/Pig.controller using Guid(377e15d0d24e7c842b90742e802dab4d) Importer(815301076,1909f56bfc062723c751e8b465ee728b)  -> (artifact id: '7d3342cc5979a62aa0383cb254df55df') in 0.020049 seconds 
========================================================================
Received Prepare
Registering precompiled user dll's ...
Registered in 0.002699 seconds.
Begin MonoManager ReloadAssembly
Native extension for Lumin target not found
Native extension for LinuxStandalone target not found
Native extension for WindowsStandalone target not found
Native extension for OSXStandalone target not found
Native extension for WebGL target not found
Refreshing native plugins compatible for Editor in 0.62 ms, found 2 plugins.
Preloading 0 native plugins for Editor in 0.00 ms.
Mono: successfully reloaded assembly
- Completed reload, in  0.980 seconds
Platform modules already initialized, skipping
Refreshing native plugins compatible for Editor in 0.63 ms, found 2 plugins.
Preloading 0 native plugins for Editor in 0.00 ms.
Unloading 3393 Unused Serialized files (Serialized files now loaded: 0)
System memory in use before: 128.8 MB.
System memory in use after: 128.9 MB.

Unloading 17 unused Assets to reduce memory usage. Loaded Objects now: 3884.
Total: 3.150200 ms (FindLiveObjects: 0.304700 ms CreateObjectMapping: 0.236000 ms MarkObjects: 2.476500 ms  DeleteObjects: 0.131000 ms)

========================================================================
Received Import Request.
  Time since last request: 17.654617 seconds.
  path: Assets/Animations/Pig/Impact.anim
  artifactKey: Guid(e09899005b4b77a4998ef38e78fccd52) Importer(815301076,1909f56bfc062723c751e8b465ee728b)
Start importing Assets/Animations/Pig/Impact.anim using Guid(e09899005b4b77a4998ef38e78fccd52) Importer(815301076,1909f56bfc062723c751e8b465ee728b)  -> (artifact id: '2c654a8f75ca62d4ef5b14a1ca76f8ef') in 0.015522 seconds 
========================================================================
Received Prepare
Registering precompiled user dll's ...
Registered in 0.002675 seconds.
Begin MonoManager ReloadAssembly
Native extension for Lumin target not found
Native extension for LinuxStandalone target not found
Native extension for WindowsStandalone target not found
Native extension for OSXStandalone target not found
Native extension for WebGL target not found
Refreshing native plugins compatible for Editor in 0.66 ms, found 2 plugins.
Preloading 0 native plugins for Editor in 0.00 ms.
Mono: successfully reloaded assembly
- Completed reload, in  0.994 seconds
Platform modules already initialized, skipping
Refreshing native plugins compatible for Editor in 0.63 ms, found 2 plugins.
Preloading 0 native plugins for Editor in 0.00 ms.
Unloading 3393 Unused Serialized files (Serialized files now loaded: 0)
System memory in use before: 128.8 MB.
System memory in use after: 128.9 MB.

Unloading 17 unused Assets to reduce memory usage. Loaded Objects now: 3888.
Total: 2.661300 ms (FindLiveObjects: 0.281500 ms CreateObjectMapping: 0.221900 ms MarkObjects: 2.049100 ms  DeleteObjects: 0.107700 ms)

========================================================================
Received Prepare
Registering precompiled user dll's ...
Registered in 0.002707 seconds.
Begin MonoManager ReloadAssembly
Native extension for Lumin target not found
Native extension for LinuxStandalone target not found
Native extension for WindowsStandalone target not found
Native extension for OSXStandalone target not found
Native extension for WebGL target not found
Refreshing native plugins compatible for Editor in 0.65 ms, found 2 plugins.
Preloading 0 native plugins for Editor in 0.00 ms.
Mono: successfully reloaded assembly
- Completed reload, in  1.002 seconds
Platform modules already initialized, skipping
Refreshing native plugins compatible for Editor in 0.66 ms, found 2 plugins.
Preloading 0 native plugins for Editor in 0.00 ms.
Unloading 3393 Unused Serialized files (Serialized files now loaded: 0)
System memory in use before: 128.8 MB.
System memory in use after: 128.9 MB.

Unloading 17 unused Assets to reduce memory usage. Loaded Objects now: 3892.
Total: 8.819200 ms (FindLiveObjects: 0.759100 ms CreateObjectMapping: 0.630600 ms MarkObjects: 7.093200 ms  DeleteObjects: 0.333000 ms)

========================================================================
Received Prepare
Registering precompiled user dll's ...
Registered in 0.002889 seconds.
Begin MonoManager ReloadAssembly
Native extension for Lumin target not found
Native extension for LinuxStandalone target not found
Native extension for WindowsStandalone target not found
Native extension for OSXStandalone target not found
Native extension for WebGL target not found
Refreshing native plugins compatible for Editor in 0.62 ms, found 2 plugins.
Preloading 0 native plugins for Editor in 0.00 ms.
Mono: successfully reloaded assembly
- Completed reload, in  0.993 seconds
Platform modules already initialized, skipping
Refreshing native plugins compatible for Editor in 0.81 ms, found 2 plugins.
Preloading 0 native plugins for Editor in 0.00 ms.
Unloading 3393 Unused Serialized files (Serialized files now loaded: 0)
System memory in use before: 128.8 MB.
System memory in use after: 128.9 MB.

Unloading 17 unused Assets to reduce memory usage. Loaded Objects now: 3896.
Total: 4.755700 ms (FindLiveObjects: 0.458400 ms CreateObjectMapping: 0.333100 ms MarkObjects: 3.805900 ms  DeleteObjects: 0.156400 ms)

========================================================================
Received Import Request.
  Time since last request: 78.492596 seconds.
  path: Assets/Animations/Pig/Pig.controller
  artifactKey: Guid(377e15d0d24e7c842b90742e802dab4d) Importer(815301076,1909f56bfc062723c751e8b465ee728b)
Start importing Assets/Animations/Pig/Pig.controller using Guid(377e15d0d24e7c842b90742e802dab4d) Importer(815301076,1909f56bfc062723c751e8b465ee728b)  -> (artifact id: '32bcbafa07c0a1894052bef8d98d18e4') in 0.025645 seconds 
========================================================================
Received Prepare
Registering precompiled user dll's ...
Registered in 0.002677 seconds.
Begin MonoManager ReloadAssembly
Native extension for Lumin target not found
Native extension for LinuxStandalone target not found
Native extension for WindowsStandalone target not found
Native extension for OSXStandalone target not found
Native extension for WebGL target not found
Refreshing native plugins compatible for Editor in 0.69 ms, found 2 plugins.
Preloading 0 native plugins for Editor in 0.00 ms.
Mono: successfully reloaded assembly
- Completed reload, in  0.985 seconds
Platform modules already initialized, skipping
Refreshing native plugins compatible for Editor in 0.62 ms, found 2 plugins.
Preloading 0 native plugins for Editor in 0.00 ms.
Unloading 3393 Unused Serialized files (Serialized files now loaded: 0)
System memory in use before: 128.8 MB.
System memory in use after: 128.9 MB.

Unloading 17 unused Assets to reduce memory usage. Loaded Objects now: 3900.
Total: 2.904900 ms (FindLiveObjects: 0.317800 ms CreateObjectMapping: 0.226800 ms MarkObjects: 2.259000 ms  DeleteObjects: 0.099700 ms)

========================================================================
Received Prepare
Registering precompiled user dll's ...
Registered in 0.002753 seconds.
Begin MonoManager ReloadAssembly
Native extension for Lumin target not found
Native extension for LinuxStandalone target not found
Native extension for WindowsStandalone target not found
Native extension for OSXStandalone target not found
Native extension for WebGL target not found
Refreshing native plugins compatible for Editor in 0.64 ms, found 2 plugins.
Preloading 0 native plugins for Editor in 0.00 ms.
Mono: successfully reloaded assembly
- Completed reload, in  0.988 seconds
Platform modules already initialized, skipping
Refreshing native plugins compatible for Editor in 0.61 ms, found 2 plugins.
Preloading 0 native plugins for Editor in 0.00 ms.
Unloading 3393 Unused Serialized files (Serialized files now loaded: 0)
System memory in use before: 128.8 MB.
System memory in use after: 128.9 MB.

Unloading 17 unused Assets to reduce memory usage. Loaded Objects now: 3904.
Total: 2.586400 ms (FindLiveObjects: 0.274900 ms CreateObjectMapping: 0.179700 ms MarkObjects: 2.039600 ms  DeleteObjects: 0.090900 ms)

========================================================================
Received Prepare
Registering precompiled user dll's ...
Registered in 0.002768 seconds.
Begin MonoManager ReloadAssembly
Native extension for Lumin target not found
Native extension for LinuxStandalone target not found
Native extension for WindowsStandalone target not found
Native extension for OSXStandalone target not found
Native extension for WebGL target not found
Refreshing native plugins compatible for Editor in 0.65 ms, found 2 plugins.
Preloading 0 native plugins for Editor in 0.00 ms.
Mono: successfully reloaded assembly
- Completed reload, in  0.974 seconds
Platform modules already initialized, skipping
Refreshing native plugins compatible for Editor in 0.64 ms, found 2 plugins.
Preloading 0 native plugins for Editor in 0.00 ms.
Unloading 3393 Unused Serialized files (Serialized files now loaded: 0)
System memory in use before: 128.8 MB.
System memory in use after: 128.9 MB.

Unloading 17 unused Assets to reduce memory usage. Loaded Objects now: 3908.
Total: 2.643100 ms (FindLiveObjects: 0.278400 ms CreateObjectMapping: 0.195700 ms MarkObjects: 2.066300 ms  DeleteObjects: 0.101800 ms)

========================================================================
Received Prepare
Registering precompiled user dll's ...
Registered in 0.002684 seconds.
Begin MonoManager ReloadAssembly
Native extension for Lumin target not found
Native extension for LinuxStandalone target not found
Native extension for WindowsStandalone target not found
Native extension for OSXStandalone target not found
Native extension for WebGL target not found
Refreshing native plugins compatible for Editor in 0.61 ms, found 2 plugins.
Preloading 0 native plugins for Editor in 0.00 ms.
Mono: successfully reloaded assembly
- Completed reload, in  0.988 seconds
Platform modules already initialized, skipping
Refreshing native plugins compatible for Editor in 0.61 ms, found 2 plugins.
Preloading 0 native plugins for Editor in 0.00 ms.
Unloading 3393 Unused Serialized files (Serialized files now loaded: 0)
System memory in use before: 128.8 MB.
System memory in use after: 128.9 MB.

Unloading 17 unused Assets to reduce memory usage. Loaded Objects now: 3912.
Total: 2.865300 ms (FindLiveObjects: 0.519300 ms CreateObjectMapping: 0.189800 ms MarkObjects: 2.060300 ms  DeleteObjects: 0.095000 ms)

========================================================================
Received Prepare
Registering precompiled user dll's ...
Registered in 0.002675 seconds.
Begin MonoManager ReloadAssembly
Native extension for Lumin target not found
Native extension for LinuxStandalone target not found
Native extension for WindowsStandalone target not found
Native extension for OSXStandalone target not found
Native extension for WebGL target not found
Refreshing native plugins compatible for Editor in 0.61 ms, found 2 plugins.
Preloading 0 native plugins for Editor in 0.00 ms.
Mono: successfully reloaded assembly
- Completed reload, in  0.987 seconds
Platform modules already initialized, skipping
Refreshing native plugins compatible for Editor in 0.64 ms, found 2 plugins.
Preloading 0 native plugins for Editor in 0.00 ms.
Unloading 3393 Unused Serialized files (Serialized files now loaded: 0)
System memory in use before: 128.8 MB.
System memory in use after: 128.9 MB.

Unloading 17 unused Assets to reduce memory usage. Loaded Objects now: 3916.
Total: 2.576600 ms (FindLiveObjects: 0.269200 ms CreateObjectMapping: 0.190200 ms MarkObjects: 2.019400 ms  DeleteObjects: 0.096900 ms)

========================================================================
Received Prepare
Registering precompiled user dll's ...
Registered in 0.002687 seconds.
Begin MonoManager ReloadAssembly
Native extension for Lumin target not found
Native extension for LinuxStandalone target not found
Native extension for WindowsStandalone target not found
Native extension for OSXStandalone target not found
Native extension for WebGL target not found
Refreshing native plugins compatible for Editor in 0.62 ms, found 2 plugins.
Preloading 0 native plugins for Editor in 0.00 ms.
Mono: successfully reloaded assembly
- Completed reload, in  0.980 seconds
Platform modules already initialized, skipping
Refreshing native plugins compatible for Editor in 0.62 ms, found 2 plugins.
Preloading 0 native plugins for Editor in 0.00 ms.
Unloading 3393 Unused Serialized files (Serialized files now loaded: 0)
System memory in use before: 128.8 MB.
System memory in use after: 128.9 MB.

Unloading 17 unused Assets to reduce memory usage. Loaded Objects now: 3920.
Total: 2.636400 ms (FindLiveObjects: 0.261300 ms CreateObjectMapping: 0.178900 ms MarkObjects: 2.095400 ms  DeleteObjects: 0.099700 ms)

========================================================================
Received Prepare
Registering precompiled user dll's ...
Registered in 0.002890 seconds.
Begin MonoManager ReloadAssembly
Native extension for Lumin target not found
Native extension for LinuxStandalone target not found
Native extension for WindowsStandalone target not found
Native extension for OSXStandalone target not found
Native extension for WebGL target not found
Refreshing native plugins compatible for Editor in 0.61 ms, found 2 plugins.
Preloading 0 native plugins for Editor in 0.00 ms.
Mono: successfully reloaded assembly
- Completed reload, in  1.661 seconds
Platform modules already initialized, skipping
Refreshing native plugins compatible for Editor in 0.60 ms, found 2 plugins.
Preloading 0 native plugins for Editor in 0.00 ms.
Unloading 3394 Unused Serialized files (Serialized files now loaded: 0)
System memory in use before: 128.9 MB.
System memory in use after: 129.0 MB.

Unloading 17 unused Assets to reduce memory usage. Loaded Objects now: 3925.
Total: 8.676200 ms (FindLiveObjects: 0.738500 ms CreateObjectMapping: 0.596000 ms MarkObjects: 7.020700 ms  DeleteObjects: 0.317900 ms)

========================================================================
Received Import Request.
  Time since last request: 1315.460412 seconds.
  path: Assets/Prefabs/HP Bar.prefab
  artifactKey: Guid(9ee55dc9b7107e543a96e00714563c41) Importer(815301076,1909f56bfc062723c751e8b465ee728b)
Start importing Assets/Prefabs/HP Bar.prefab using Guid(9ee55dc9b7107e543a96e00714563c41) Importer(815301076,1909f56bfc062723c751e8b465ee728b)  -> (artifact id: '4d010e315dfa51a89b2ef0fe2ebd773a') in 0.043486 seconds 
========================================================================
Received Import Request.
  Time since last request: 42.130359 seconds.
  path: Assets/Prefabs/HP Bar.prefab
  artifactKey: Guid(9ee55dc9b7107e543a96e00714563c41) Importer(815301076,1909f56bfc062723c751e8b465ee728b)
Start importing Assets/Prefabs/HP Bar.prefab using Guid(9ee55dc9b7107e543a96e00714563c41) Importer(815301076,1909f56bfc062723c751e8b465ee728b)  -> (artifact id: '03d5c577f4d287f03a3570864d3fe1ef') in 0.010634 seconds 
========================================================================
Received Import Request.
  Time since last request: 17.084535 seconds.
  path: Assets/Scripts/Bar.cs
  artifactKey: Guid(427673a22c1564d4c9f6ce3adbc4f2d7) Importer(815301076,1909f56bfc062723c751e8b465ee728b)
Start importing Assets/Scripts/Bar.cs using Guid(427673a22c1564d4c9f6ce3adbc4f2d7) Importer(815301076,1909f56bfc062723c751e8b465ee728b)  -> (artifact id: '37407be13229532fd8f976ea4df88335') in 0.010269 seconds 
========================================================================
Received Prepare
Registering precompiled user dll's ...
Registered in 0.002723 seconds.
Begin MonoManager ReloadAssembly
Native extension for Lumin target not found
Native extension for LinuxStandalone target not found
Native extension for WindowsStandalone target not found
Native extension for OSXStandalone target not found
Native extension for WebGL target not found
Refreshing native plugins compatible for Editor in 0.63 ms, found 2 plugins.
Preloading 0 native plugins for Editor in 0.00 ms.
Mono: successfully reloaded assembly
- Completed reload, in  0.984 seconds
Platform modules already initialized, skipping
Refreshing native plugins compatible for Editor in 1.85 ms, found 2 plugins.
Preloading 0 native plugins for Editor in 0.00 ms.
Unloading 3394 Unused Serialized files (Serialized files now loaded: 0)
System memory in use before: 128.9 MB.
System memory in use after: 129.0 MB.

Unloading 17 unused Assets to reduce memory usage. Loaded Objects now: 3929.
Total: 6.881100 ms (FindLiveObjects: 0.510500 ms CreateObjectMapping: 0.421000 ms MarkObjects: 5.725400 ms  DeleteObjects: 0.222100 ms)

========================================================================
Received Import Request.
  Time since last request: 738.736062 seconds.
  path: Assets/Scripts/Bar.cs
  artifactKey: Guid(427673a22c1564d4c9f6ce3adbc4f2d7) Importer(815301076,1909f56bfc062723c751e8b465ee728b)
Start importing Assets/Scripts/Bar.cs using Guid(427673a22c1564d4c9f6ce3adbc4f2d7) Importer(815301076,1909f56bfc062723c751e8b465ee728b)  -> (artifact id: '2820e889442b4c29131143390ed1d344') in 0.016469 seconds 
========================================================================
Received Import Request.
  Time since last request: 113.557333 seconds.
  path: Assets/Prefabs/HP Bar.prefab
  artifactKey: Guid(9ee55dc9b7107e543a96e00714563c41) Importer(815301076,1909f56bfc062723c751e8b465ee728b)
Start importing Assets/Prefabs/HP Bar.prefab using Guid(9ee55dc9b7107e543a96e00714563c41) Importer(815301076,1909f56bfc062723c751e8b465ee728b)  -> (artifact id: 'd55fc22ae9504b7ff483d57e41430c83') in 0.033528 seconds 
========================================================================
Received Import Request.
  Time since last request: 4.461896 seconds.
  path: Assets/Prefabs/Entities/Dog.prefab
  artifactKey: Guid(84ae0fdb9d6fbfd40b46bfdb9a716695) Importer(815301076,1909f56bfc062723c751e8b465ee728b)
Start importing Assets/Prefabs/Entities/Dog.prefab using Guid(84ae0fdb9d6fbfd40b46bfdb9a716695) Importer(815301076,1909f56bfc062723c751e8b465ee728b)  -> (artifact id: 'c5577fb32fb739c15b95bd5c41795d63') in 0.087157 seconds 
========================================================================
Received Import Request.
  Time since last request: 0.000222 seconds.
  path: Assets/Prefabs/Entities/Farmer.prefab
  artifactKey: Guid(930c20ce91268444ca46cfe4ee868f28) Importer(815301076,1909f56bfc062723c751e8b465ee728b)
Start importing Assets/Prefabs/Entities/Farmer.prefab using Guid(930c20ce91268444ca46cfe4ee868f28) Importer(815301076,1909f56bfc062723c751e8b465ee728b)  -> (artifact id: 'ac7931c98d7ab265196f81b41a63ffd1') in 0.024891 seconds 
========================================================================
Received Import Request.
  Time since last request: 0.000485 seconds.
  path: Assets/Prefabs/Entities/Player.prefab
  artifactKey: Guid(b8fb6681cb17d8d4c8b24e00d5e2cea6) Importer(815301076,1909f56bfc062723c751e8b465ee728b)
Start importing Assets/Prefabs/Entities/Player.prefab using Guid(b8fb6681cb17d8d4c8b24e00d5e2cea6) Importer(815301076,1909f56bfc062723c751e8b465ee728b)  -> (artifact id: '40c536ebd35f1817c0e095cfa981cfe0') in 0.029478 seconds 
========================================================================
Received Import Request.
  Time since last request: 95.641527 seconds.
  path: Assets/Prefabs/HP Bar.prefab
  artifactKey: Guid(9ee55dc9b7107e543a96e00714563c41) Importer(815301076,1909f56bfc062723c751e8b465ee728b)
Start importing Assets/Prefabs/HP Bar.prefab using Guid(9ee55dc9b7107e543a96e00714563c41) Importer(815301076,1909f56bfc062723c751e8b465ee728b)  -> (artifact id: 'e83bdbc72fa433062196b007edbd2945') in 0.010135 seconds 
========================================================================
Received Import Request.
  Time since last request: 5.088381 seconds.
  path: Assets/Prefabs/Entities/Dog.prefab
  artifactKey: Guid(84ae0fdb9d6fbfd40b46bfdb9a716695) Importer(815301076,1909f56bfc062723c751e8b465ee728b)
Start importing Assets/Prefabs/Entities/Dog.prefab using Guid(84ae0fdb9d6fbfd40b46bfdb9a716695) Importer(815301076,1909f56bfc062723c751e8b465ee728b)  -> (artifact id: '9379cac8c2c6b279d4539cf5bf04458b') in 0.024451 seconds 
========================================================================
Received Import Request.
  Time since last request: 28.087835 seconds.
  path: Assets/Prefabs/Entities/Dog.prefab
  artifactKey: Guid(84ae0fdb9d6fbfd40b46bfdb9a716695) Importer(815301076,1909f56bfc062723c751e8b465ee728b)
Start importing Assets/Prefabs/Entities/Dog.prefab using Guid(84ae0fdb9d6fbfd40b46bfdb9a716695) Importer(815301076,1909f56bfc062723c751e8b465ee728b)  -> (artifact id: '4932816ebcccc36970dda4405759f123') in 0.021307 seconds 
========================================================================
Received Import Request.
  Time since last request: 9.734460 seconds.
  path: Assets/Prefabs/Entities/Dog.prefab
  artifactKey: Guid(84ae0fdb9d6fbfd40b46bfdb9a716695) Importer(815301076,1909f56bfc062723c751e8b465ee728b)
Start importing Assets/Prefabs/Entities/Dog.prefab using Guid(84ae0fdb9d6fbfd40b46bfdb9a716695) Importer(815301076,1909f56bfc062723c751e8b465ee728b)  -> (artifact id: '0bba97e6f112496e0589aa3c05811c0e') in 0.031631 seconds 
========================================================================
Received Import Request.
  Time since last request: 0.882400 seconds.
  path: Assets/Prefabs/Entities/Dog.prefab
  artifactKey: Guid(84ae0fdb9d6fbfd40b46bfdb9a716695) Importer(815301076,1909f56bfc062723c751e8b465ee728b)
Start importing Assets/Prefabs/Entities/Dog.prefab using Guid(84ae0fdb9d6fbfd40b46bfdb9a716695) Importer(815301076,1909f56bfc062723c751e8b465ee728b)  -> (artifact id: 'e9ad1b7512d1ef0178657cca097af2ed') in 0.025649 seconds 
========================================================================
Received Import Request.
  Time since last request: 5.215040 seconds.
  path: Assets/Prefabs/HP Bar.prefab
  artifactKey: Guid(9ee55dc9b7107e543a96e00714563c41) Importer(815301076,1909f56bfc062723c751e8b465ee728b)
Start importing Assets/Prefabs/HP Bar.prefab using Guid(9ee55dc9b7107e543a96e00714563c41) Importer(815301076,1909f56bfc062723c751e8b465ee728b)  -> (artifact id: '4dbcdc40faacc55ad211e51bdc16cb63') in 0.004502 seconds 
========================================================================
Received Import Request.
  Time since last request: 14.221456 seconds.
  path: Assets/Prefabs/Entities/Farmer.prefab
  artifactKey: Guid(930c20ce91268444ca46cfe4ee868f28) Importer(815301076,1909f56bfc062723c751e8b465ee728b)
Start importing Assets/Prefabs/Entities/Farmer.prefab using Guid(930c20ce91268444ca46cfe4ee868f28) Importer(815301076,1909f56bfc062723c751e8b465ee728b)  -> (artifact id: 'd794c41d96e5ba919aa24f7d21f1073f') in 0.020850 seconds 
========================================================================
Received Import Request.
  Time since last request: 11.546610 seconds.
  path: Assets/Prefabs/Entities/Dog.prefab
  artifactKey: Guid(84ae0fdb9d6fbfd40b46bfdb9a716695) Importer(815301076,1909f56bfc062723c751e8b465ee728b)
Start importing Assets/Prefabs/Entities/Dog.prefab using Guid(84ae0fdb9d6fbfd40b46bfdb9a716695) Importer(815301076,1909f56bfc062723c751e8b465ee728b)  -> (artifact id: '9d6db048f2f27c1add29b6e7610a1dfa') in 0.020118 seconds 
========================================================================
Received Import Request.
  Time since last request: 43.981864 seconds.
  path: Assets/Prefabs/HP Bar.prefab
  artifactKey: Guid(9ee55dc9b7107e543a96e00714563c41) Importer(815301076,1909f56bfc062723c751e8b465ee728b)
Start importing Assets/Prefabs/HP Bar.prefab using Guid(9ee55dc9b7107e543a96e00714563c41) Importer(815301076,1909f56bfc062723c751e8b465ee728b)  -> (artifact id: 'ae20a8377e5ba6fc44789e4e30dbd5a1') in 0.005362 seconds 
========================================================================
Received Import Request.
  Time since last request: 5.611933 seconds.
  path: Assets/Prefabs/Entities/Dog.prefab
  artifactKey: Guid(84ae0fdb9d6fbfd40b46bfdb9a716695) Importer(815301076,1909f56bfc062723c751e8b465ee728b)
Start importing Assets/Prefabs/Entities/Dog.prefab using Guid(84ae0fdb9d6fbfd40b46bfdb9a716695) Importer(815301076,1909f56bfc062723c751e8b465ee728b)  -> (artifact id: 'e70ab58c1a022a83a829b0d3119eca9a') in 0.023768 seconds 
========================================================================
Received Import Request.
  Time since last request: 0.000270 seconds.
  path: Assets/Prefabs/Entities/Farmer.prefab
  artifactKey: Guid(930c20ce91268444ca46cfe4ee868f28) Importer(815301076,1909f56bfc062723c751e8b465ee728b)
Start importing Assets/Prefabs/Entities/Farmer.prefab using Guid(930c20ce91268444ca46cfe4ee868f28) Importer(815301076,1909f56bfc062723c751e8b465ee728b)  -> (artifact id: '62b755b84bd6e9a5bd8519dde14844e4') in 0.018657 seconds 
========================================================================
Received Prepare
Registering precompiled user dll's ...
Registered in 0.002664 seconds.
Begin MonoManager ReloadAssembly
Native extension for Lumin target not found
Native extension for LinuxStandalone target not found
Native extension for WindowsStandalone target not found
Native extension for OSXStandalone target not found
Native extension for WebGL target not found
Refreshing native plugins compatible for Editor in 0.63 ms, found 2 plugins.
Preloading 0 native plugins for Editor in 0.00 ms.
Mono: successfully reloaded assembly
- Completed reload, in  0.977 seconds
Platform modules already initialized, skipping
Refreshing native plugins compatible for Editor in 0.62 ms, found 2 plugins.
Preloading 0 native plugins for Editor in 0.00 ms.
Unloading 3394 Unused Serialized files (Serialized files now loaded: 0)
System memory in use before: 133.3 MB.
System memory in use after: 133.4 MB.

Unloading 17 unused Assets to reduce memory usage. Loaded Objects now: 3940.
Total: 2.533600 ms (FindLiveObjects: 0.264600 ms CreateObjectMapping: 0.170700 ms MarkObjects: 1.996400 ms  DeleteObjects: 0.100300 ms)

========================================================================
Received Prepare
Registering precompiled user dll's ...
Registered in 0.002720 seconds.
Begin MonoManager ReloadAssembly
Native extension for Lumin target not found
Native extension for LinuxStandalone target not found
Native extension for WindowsStandalone target not found
Native extension for OSXStandalone target not found
Native extension for WebGL target not found
Refreshing native plugins compatible for Editor in 0.66 ms, found 2 plugins.
Preloading 0 native plugins for Editor in 0.00 ms.
Mono: successfully reloaded assembly
- Completed reload, in  0.967 seconds
Platform modules already initialized, skipping
Refreshing native plugins compatible for Editor in 0.61 ms, found 2 plugins.
Preloading 0 native plugins for Editor in 0.00 ms.
Unloading 3394 Unused Serialized files (Serialized files now loaded: 0)
System memory in use before: 133.3 MB.
System memory in use after: 133.4 MB.

Unloading 17 unused Assets to reduce memory usage. Loaded Objects now: 3944.
Total: 2.751400 ms (FindLiveObjects: 0.259800 ms CreateObjectMapping: 0.177100 ms MarkObjects: 2.202900 ms  DeleteObjects: 0.110900 ms)

========================================================================
Received Import Request.
  Time since last request: 134.605339 seconds.
  path: Assets/Prefabs/Entities/Farmer.prefab
  artifactKey: Guid(930c20ce91268444ca46cfe4ee868f28) Importer(815301076,1909f56bfc062723c751e8b465ee728b)
Start importing Assets/Prefabs/Entities/Farmer.prefab using Guid(930c20ce91268444ca46cfe4ee868f28) Importer(815301076,1909f56bfc062723c751e8b465ee728b)  -> (artifact id: 'ae18373e9f2c5bf8e7825ab06ee1d995') in 0.097755 seconds 
========================================================================
Received Import Request.
  Time since last request: 9.646973 seconds.
  path: Assets/Prefabs/Entities/Farmer.prefab
  artifactKey: Guid(930c20ce91268444ca46cfe4ee868f28) Importer(815301076,1909f56bfc062723c751e8b465ee728b)
Start importing Assets/Prefabs/Entities/Farmer.prefab using Guid(930c20ce91268444ca46cfe4ee868f28) Importer(815301076,1909f56bfc062723c751e8b465ee728b)  -> (artifact id: 'e81905e6442220a62c5c78afe8882783') in 0.025722 seconds 
========================================================================
Received Prepare
Registering precompiled user dll's ...
Registered in 0.002692 seconds.
Begin MonoManager ReloadAssembly
Native extension for Lumin target not found
Native extension for LinuxStandalone target not found
Native extension for WindowsStandalone target not found
Native extension for OSXStandalone target not found
Native extension for WebGL target not found
Refreshing native plugins compatible for Editor in 0.72 ms, found 2 plugins.
Preloading 0 native plugins for Editor in 0.00 ms.
Mono: successfully reloaded assembly
- Completed reload, in  0.966 seconds
Platform modules already initialized, skipping
Refreshing native plugins compatible for Editor in 0.70 ms, found 2 plugins.
Preloading 0 native plugins for Editor in 0.00 ms.
Unloading 3394 Unused Serialized files (Serialized files now loaded: 0)
System memory in use before: 133.3 MB.
System memory in use after: 133.4 MB.

Unloading 17 unused Assets to reduce memory usage. Loaded Objects now: 3949.
Total: 2.689400 ms (FindLiveObjects: 0.299700 ms CreateObjectMapping: 0.199000 ms MarkObjects: 2.087500 ms  DeleteObjects: 0.102100 ms)

========================================================================
Received Prepare
Registering precompiled user dll's ...
Registered in 0.002730 seconds.
Begin MonoManager ReloadAssembly
Native extension for Lumin target not found
Native extension for LinuxStandalone target not found
Native extension for WindowsStandalone target not found
Native extension for OSXStandalone target not found
Native extension for WebGL target not found
Refreshing native plugins compatible for Editor in 0.62 ms, found 2 plugins.
Preloading 0 native plugins for Editor in 0.00 ms.
Mono: successfully reloaded assembly
- Completed reload, in  0.953 seconds
Platform modules already initialized, skipping
Refreshing native plugins compatible for Editor in 0.63 ms, found 2 plugins.
Preloading 0 native plugins for Editor in 0.00 ms.
Unloading 3394 Unused Serialized files (Serialized files now loaded: 0)
System memory in use before: 133.3 MB.
System memory in use after: 133.4 MB.

Unloading 17 unused Assets to reduce memory usage. Loaded Objects now: 3953.
Total: 2.790600 ms (FindLiveObjects: 0.288700 ms CreateObjectMapping: 0.181300 ms MarkObjects: 2.213500 ms  DeleteObjects: 0.106100 ms)

========================================================================
Received Prepare
Registering precompiled user dll's ...
Registered in 0.002880 seconds.
Begin MonoManager ReloadAssembly
Native extension for Lumin target not found
Native extension for LinuxStandalone target not found
Native extension for WindowsStandalone target not found
Native extension for OSXStandalone target not found
Native extension for WebGL target not found
Refreshing native plugins compatible for Editor in 0.61 ms, found 2 plugins.
Preloading 0 native plugins for Editor in 0.00 ms.
Mono: successfully reloaded assembly
- Completed reload, in  0.978 seconds
Platform modules already initialized, skipping
Refreshing native plugins compatible for Editor in 0.61 ms, found 2 plugins.
Preloading 0 native plugins for Editor in 0.00 ms.
Unloading 3394 Unused Serialized files (Serialized files now loaded: 0)
System memory in use before: 133.3 MB.
System memory in use after: 133.4 MB.

Unloading 17 unused Assets to reduce memory usage. Loaded Objects now: 3957.
Total: 9.161100 ms (FindLiveObjects: 0.770200 ms CreateObjectMapping: 0.623700 ms MarkObjects: 7.445000 ms  DeleteObjects: 0.317500 ms)

========================================================================
Received Import Request.
  Time since last request: 216.547148 seconds.
  path: Assets/Prefabs/Entities/Player.prefab
  artifactKey: Guid(b8fb6681cb17d8d4c8b24e00d5e2cea6) Importer(815301076,1909f56bfc062723c751e8b465ee728b)
Start importing Assets/Prefabs/Entities/Player.prefab using Guid(b8fb6681cb17d8d4c8b24e00d5e2cea6) Importer(815301076,1909f56bfc062723c751e8b465ee728b)  -> (artifact id: '702bc410a375accb0c97d4465cacce76') in 0.079195 seconds 
========================================================================
Received Prepare
Registering precompiled user dll's ...
Registered in 0.002749 seconds.
Begin MonoManager ReloadAssembly
Native extension for Lumin target not found
Native extension for LinuxStandalone target not found
Native extension for WindowsStandalone target not found
Native extension for OSXStandalone target not found
Native extension for WebGL target not found
Refreshing native plugins compatible for Editor in 0.63 ms, found 2 plugins.
Preloading 0 native plugins for Editor in 0.00 ms.
Mono: successfully reloaded assembly
- Completed reload, in  0.972 seconds
Platform modules already initialized, skipping
Refreshing native plugins compatible for Editor in 0.66 ms, found 2 plugins.
Preloading 0 native plugins for Editor in 0.00 ms.
Unloading 3394 Unused Serialized files (Serialized files now loaded: 0)
System memory in use before: 133.3 MB.
System memory in use after: 133.4 MB.

Unloading 17 unused Assets to reduce memory usage. Loaded Objects now: 3962.
Total: 3.251200 ms (FindLiveObjects: 0.298600 ms CreateObjectMapping: 0.653800 ms MarkObjects: 2.190000 ms  DeleteObjects: 0.107500 ms)

========================================================================
Received Prepare
Registering precompiled user dll's ...
Registered in 0.003060 seconds.
Begin MonoManager ReloadAssembly
Native extension for Lumin target not found
Native extension for LinuxStandalone target not found
Native extension for WindowsStandalone target not found
Native extension for OSXStandalone target not found
Native extension for WebGL target not found
Refreshing native plugins compatible for Editor in 0.61 ms, found 2 plugins.
Preloading 0 native plugins for Editor in 0.00 ms.
Mono: successfully reloaded assembly
- Completed reload, in  0.972 seconds
Platform modules already initialized, skipping
Refreshing native plugins compatible for Editor in 0.63 ms, found 2 plugins.
Preloading 0 native plugins for Editor in 0.00 ms.
Unloading 3394 Unused Serialized files (Serialized files now loaded: 0)
System memory in use before: 133.3 MB.
System memory in use after: 133.4 MB.

Unloading 17 unused Assets to reduce memory usage. Loaded Objects now: 3966.
Total: 5.163900 ms (FindLiveObjects: 0.471900 ms CreateObjectMapping: 0.367500 ms MarkObjects: 4.138700 ms  DeleteObjects: 0.183500 ms)

========================================================================
Received Prepare
Registering precompiled user dll's ...
Registered in 0.002847 seconds.
Begin MonoManager ReloadAssembly
Native extension for Lumin target not found
Native extension for LinuxStandalone target not found
Native extension for WindowsStandalone target not found
Native extension for OSXStandalone target not found
Native extension for WebGL target not found
Refreshing native plugins compatible for Editor in 0.66 ms, found 2 plugins.
Preloading 0 native plugins for Editor in 0.00 ms.
Mono: successfully reloaded assembly
- Completed reload, in  1.024 seconds
Platform modules already initialized, skipping
Refreshing native plugins compatible for Editor in 0.61 ms, found 2 plugins.
Preloading 0 native plugins for Editor in 0.00 ms.
Unloading 3394 Unused Serialized files (Serialized files now loaded: 0)
System memory in use before: 133.4 MB.
System memory in use after: 133.5 MB.

Unloading 17 unused Assets to reduce memory usage. Loaded Objects now: 3970.
Total: 2.830300 ms (FindLiveObjects: 0.264900 ms CreateObjectMapping: 0.167600 ms MarkObjects: 2.298500 ms  DeleteObjects: 0.098500 ms)

========================================================================
Received Import Request.
  Time since last request: 433.017183 seconds.
  path: Assets/Scripts/PhoneButton.cs
  artifactKey: Guid(7ad7e713e11904e448dd2ca3497efa71) Importer(815301076,1909f56bfc062723c751e8b465ee728b)
Start importing Assets/Scripts/PhoneButton.cs using Guid(7ad7e713e11904e448dd2ca3497efa71) Importer(815301076,1909f56bfc062723c751e8b465ee728b)  -> (artifact id: '7355415a4d170946ed824b15c8342207') in 0.013206 seconds 
========================================================================
Received Prepare
Registering precompiled user dll's ...
Registered in 0.002743 seconds.
Begin MonoManager ReloadAssembly
Native extension for Lumin target not found
Native extension for LinuxStandalone target not found
Native extension for WindowsStandalone target not found
Native extension for OSXStandalone target not found
Native extension for WebGL target not found
Refreshing native plugins compatible for Editor in 0.85 ms, found 2 plugins.
Preloading 0 native plugins for Editor in 0.00 ms.
Mono: successfully reloaded assembly
- Completed reload, in  1.002 seconds
Platform modules already initialized, skipping
Refreshing native plugins compatible for Editor in 0.61 ms, found 2 plugins.
Preloading 0 native plugins for Editor in 0.00 ms.
Unloading 3395 Unused Serialized files (Serialized files now loaded: 0)
System memory in use before: 133.4 MB.
System memory in use after: 133.5 MB.

Unloading 17 unused Assets to reduce memory usage. Loaded Objects now: 3975.
Total: 3.410400 ms (FindLiveObjects: 0.730500 ms CreateObjectMapping: 0.303300 ms MarkObjects: 2.265700 ms  DeleteObjects: 0.109700 ms)

========================================================================
Received Prepare
Registering precompiled user dll's ...
Registered in 0.002705 seconds.
Begin MonoManager ReloadAssembly
Native extension for Lumin target not found
Native extension for LinuxStandalone target not found
Native extension for WindowsStandalone target not found
Native extension for OSXStandalone target not found
Native extension for WebGL target not found
Refreshing native plugins compatible for Editor in 0.63 ms, found 2 plugins.
Preloading 0 native plugins for Editor in 0.00 ms.
Mono: successfully reloaded assembly
- Completed reload, in  0.980 seconds
Platform modules already initialized, skipping
Refreshing native plugins compatible for Editor in 0.72 ms, found 2 plugins.
Preloading 0 native plugins for Editor in 0.00 ms.
Unloading 3395 Unused Serialized files (Serialized files now loaded: 0)
System memory in use before: 133.4 MB.
System memory in use after: 133.5 MB.

Unloading 17 unused Assets to reduce memory usage. Loaded Objects now: 3979.
Total: 2.614100 ms (FindLiveObjects: 0.288000 ms CreateObjectMapping: 0.174600 ms MarkObjects: 2.050200 ms  DeleteObjects: 0.100300 ms)

========================================================================
Received Prepare
Registering precompiled user dll's ...
Registered in 0.002742 seconds.
Begin MonoManager ReloadAssembly
Native extension for Lumin target not found
Native extension for LinuxStandalone target not found
Native extension for WindowsStandalone target not found
Native extension for OSXStandalone target not found
Native extension for WebGL target not found
Refreshing native plugins compatible for Editor in 0.62 ms, found 2 plugins.
Preloading 0 native plugins for Editor in 0.00 ms.
Mono: successfully reloaded assembly
- Completed reload, in  0.969 seconds
Platform modules already initialized, skipping
Refreshing native plugins compatible for Editor in 0.88 ms, found 2 plugins.
Preloading 0 native plugins for Editor in 0.00 ms.
Unloading 3395 Unused Serialized files (Serialized files now loaded: 0)
System memory in use before: 133.4 MB.
System memory in use after: 133.5 MB.

Unloading 17 unused Assets to reduce memory usage. Loaded Objects now: 3983.
Total: 5.922500 ms (FindLiveObjects: 0.890800 ms CreateObjectMapping: 0.588400 ms MarkObjects: 4.204600 ms  DeleteObjects: 0.237400 ms)

========================================================================
Received Import Request.
  Time since last request: 349.362104 seconds.
  path: Assets/Scripts/Tools/PhoneButton.cs
  artifactKey: Guid(7ad7e713e11904e448dd2ca3497efa71) Importer(815301076,1909f56bfc062723c751e8b465ee728b)
Start importing Assets/Scripts/Tools/PhoneButton.cs using Guid(7ad7e713e11904e448dd2ca3497efa71) Importer(815301076,1909f56bfc062723c751e8b465ee728b)  -> (artifact id: '2be4f01b39ea94c14fea8ff714eadc69') in 0.027147 seconds 
========================================================================
Received Prepare
Registering precompiled user dll's ...
Registered in 0.002737 seconds.
Begin MonoManager ReloadAssembly
Native extension for Lumin target not found
Native extension for LinuxStandalone target not found
Native extension for WindowsStandalone target not found
Native extension for OSXStandalone target not found
Native extension for WebGL target not found
Refreshing native plugins compatible for Editor in 0.70 ms, found 2 plugins.
Preloading 0 native plugins for Editor in 0.00 ms.
Mono: successfully reloaded assembly
- Completed reload, in  1.002 seconds
Platform modules already initialized, skipping
Refreshing native plugins compatible for Editor in 0.61 ms, found 2 plugins.
Preloading 0 native plugins for Editor in 0.00 ms.
Unloading 3395 Unused Serialized files (Serialized files now loaded: 0)
System memory in use before: 133.4 MB.
System memory in use after: 133.5 MB.

Unloading 17 unused Assets to reduce memory usage. Loaded Objects now: 3987.
Total: 3.072900 ms (FindLiveObjects: 0.403700 ms CreateObjectMapping: 0.273300 ms MarkObjects: 2.293100 ms  DeleteObjects: 0.101900 ms)

========================================================================
Received Prepare
Registering precompiled user dll's ...
Registered in 0.002690 seconds.
Begin MonoManager ReloadAssembly
Native extension for Lumin target not found
Native extension for LinuxStandalone target not found
Native extension for WindowsStandalone target not found
Native extension for OSXStandalone target not found
Native extension for WebGL target not found
Refreshing native plugins compatible for Editor in 0.74 ms, found 2 plugins.
Preloading 0 native plugins for Editor in 0.00 ms.
Mono: successfully reloaded assembly
- Completed reload, in  0.958 seconds
Platform modules already initialized, skipping
Refreshing native plugins compatible for Editor in 0.66 ms, found 2 plugins.
Preloading 0 native plugins for Editor in 0.00 ms.
Unloading 3395 Unused Serialized files (Serialized files now loaded: 0)
System memory in use before: 133.4 MB.
System memory in use after: 133.5 MB.

Unloading 17 unused Assets to reduce memory usage. Loaded Objects now: 3991.
Total: 2.826700 ms (FindLiveObjects: 0.288500 ms CreateObjectMapping: 0.189600 ms MarkObjects: 2.250800 ms  DeleteObjects: 0.096800 ms)

========================================================================
Received Prepare
Registering precompiled user dll's ...
Registered in 0.002718 seconds.
Begin MonoManager ReloadAssembly
Native extension for Lumin target not found
Native extension for LinuxStandalone target not found
Native extension for WindowsStandalone target not found
Native extension for OSXStandalone target not found
Native extension for WebGL target not found
Refreshing native plugins compatible for Editor in 0.62 ms, found 2 plugins.
Preloading 0 native plugins for Editor in 0.00 ms.
Mono: successfully reloaded assembly
- Completed reload, in  0.975 seconds
Platform modules already initialized, skipping
Refreshing native plugins compatible for Editor in 0.64 ms, found 2 plugins.
Preloading 0 native plugins for Editor in 0.00 ms.
Unloading 3395 Unused Serialized files (Serialized files now loaded: 0)
System memory in use before: 133.4 MB.
System memory in use after: 133.5 MB.

Unloading 17 unused Assets to reduce memory usage. Loaded Objects now: 3995.
Total: 2.891400 ms (FindLiveObjects: 0.305900 ms CreateObjectMapping: 0.200600 ms MarkObjects: 2.279800 ms  DeleteObjects: 0.104000 ms)

========================================================================
Received Prepare
Registering precompiled user dll's ...
Registered in 0.002884 seconds.
Begin MonoManager ReloadAssembly
Native extension for Lumin target not found
Native extension for LinuxStandalone target not found
Native extension for WindowsStandalone target not found
Native extension for OSXStandalone target not found
Native extension for WebGL target not found
Refreshing native plugins compatible for Editor in 0.62 ms, found 2 plugins.
Preloading 0 native plugins for Editor in 0.00 ms.
Mono: successfully reloaded assembly
- Completed reload, in  0.949 seconds
Platform modules already initialized, skipping
Refreshing native plugins compatible for Editor in 0.61 ms, found 2 plugins.
Preloading 0 native plugins for Editor in 0.00 ms.
Unloading 3395 Unused Serialized files (Serialized files now loaded: 0)
System memory in use before: 133.4 MB.
System memory in use after: 133.5 MB.

Unloading 17 unused Assets to reduce memory usage. Loaded Objects now: 3999.
Total: 9.226800 ms (FindLiveObjects: 0.954500 ms CreateObjectMapping: 0.662900 ms MarkObjects: 7.288900 ms  DeleteObjects: 0.316700 ms)

========================================================================
Received Prepare
Registering precompiled user dll's ...
Registered in 0.002673 seconds.
Begin MonoManager ReloadAssembly
Native extension for Lumin target not found
Native extension for LinuxStandalone target not found
Native extension for WindowsStandalone target not found
Native extension for OSXStandalone target not found
Native extension for WebGL target not found
Refreshing native plugins compatible for Editor in 0.61 ms, found 2 plugins.
Preloading 0 native plugins for Editor in 0.00 ms.
Mono: successfully reloaded assembly
- Completed reload, in  0.989 seconds
Platform modules already initialized, skipping
Refreshing native plugins compatible for Editor in 0.61 ms, found 2 plugins.
Preloading 0 native plugins for Editor in 0.00 ms.
Unloading 3395 Unused Serialized files (Serialized files now loaded: 0)
System memory in use before: 133.4 MB.
System memory in use after: 133.5 MB.

Unloading 17 unused Assets to reduce memory usage. Loaded Objects now: 4003.
Total: 2.653600 ms (FindLiveObjects: 0.264400 ms CreateObjectMapping: 0.166600 ms MarkObjects: 2.125900 ms  DeleteObjects: 0.096000 ms)

========================================================================
Received Prepare
Registering precompiled user dll's ...
Registered in 0.003014 seconds.
Begin MonoManager ReloadAssembly
Native extension for Lumin target not found
Native extension for LinuxStandalone target not found
Native extension for WindowsStandalone target not found
Native extension for OSXStandalone target not found
Native extension for WebGL target not found
Refreshing native plugins compatible for Editor in 0.61 ms, found 2 plugins.
Preloading 0 native plugins for Editor in 0.00 ms.
Mono: successfully reloaded assembly
- Completed reload, in  0.968 seconds
Platform modules already initialized, skipping
Refreshing native plugins compatible for Editor in 0.61 ms, found 2 plugins.
Preloading 0 native plugins for Editor in 0.00 ms.
Unloading 3395 Unused Serialized files (Serialized files now loaded: 0)
System memory in use before: 133.4 MB.
System memory in use after: 133.5 MB.

Unloading 17 unused Assets to reduce memory usage. Loaded Objects now: 4007.
Total: 2.632000 ms (FindLiveObjects: 0.271700 ms CreateObjectMapping: 0.174200 ms MarkObjects: 2.088800 ms  DeleteObjects: 0.096400 ms)

========================================================================
Received Prepare
Registering precompiled user dll's ...
Registered in 0.002743 seconds.
Begin MonoManager ReloadAssembly
Native extension for Lumin target not found
Native extension for LinuxStandalone target not found
Native extension for WindowsStandalone target not found
Native extension for OSXStandalone target not found
Native extension for WebGL target not found
Refreshing native plugins compatible for Editor in 0.63 ms, found 2 plugins.
Preloading 0 native plugins for Editor in 0.00 ms.
Mono: successfully reloaded assembly
- Completed reload, in  0.986 seconds
Platform modules already initialized, skipping
Refreshing native plugins compatible for Editor in 0.69 ms, found 2 plugins.
Preloading 0 native plugins for Editor in 0.00 ms.
Unloading 3395 Unused Serialized files (Serialized files now loaded: 0)
System memory in use before: 133.5 MB.
System memory in use after: 133.6 MB.

Unloading 17 unused Assets to reduce memory usage. Loaded Objects now: 4011.
Total: 2.525600 ms (FindLiveObjects: 0.287300 ms CreateObjectMapping: 0.180500 ms MarkObjects: 1.962000 ms  DeleteObjects: 0.094900 ms)

========================================================================
Received Import Request.
  Time since last request: 1034.076532 seconds.
  path: Assets/Sprites/MovementButton.psd
  artifactKey: Guid(4e0013e9a83a93b4480ff25f7ec773ff) Importer(815301076,1909f56bfc062723c751e8b465ee728b)
Start importing Assets/Sprites/MovementButton.psd using Guid(4e0013e9a83a93b4480ff25f7ec773ff) Importer(815301076,1909f56bfc062723c751e8b465ee728b)  -> (artifact id: '9a4e8ca227aba0caf653b53aab632ffa') in 0.076766 seconds 
========================================================================
Received Import Request.
  Time since last request: 8.559159 seconds.
  path: Assets/Sprites/MovementButton.psd
  artifactKey: Guid(4e0013e9a83a93b4480ff25f7ec773ff) Importer(815301076,1909f56bfc062723c751e8b465ee728b)
Start importing Assets/Sprites/MovementButton.psd using Guid(4e0013e9a83a93b4480ff25f7ec773ff) Importer(815301076,1909f56bfc062723c751e8b465ee728b)  -> (artifact id: '22a164d7efea6fa67ad669b1bae86433') in 0.022532 seconds 
========================================================================
Received Prepare
Registering precompiled user dll's ...
Registered in 0.002711 seconds.
Begin MonoManager ReloadAssembly
Native extension for Lumin target not found
Native extension for LinuxStandalone target not found
Native extension for WindowsStandalone target not found
Native extension for OSXStandalone target not found
Native extension for WebGL target not found
Refreshing native plugins compatible for Editor in 0.61 ms, found 2 plugins.
Preloading 0 native plugins for Editor in 0.00 ms.
Mono: successfully reloaded assembly
- Completed reload, in  0.961 seconds
Platform modules already initialized, skipping
Refreshing native plugins compatible for Editor in 0.62 ms, found 2 plugins.
Preloading 0 native plugins for Editor in 0.00 ms.
Unloading 3396 Unused Serialized files (Serialized files now loaded: 0)
System memory in use before: 135.4 MB.
System memory in use after: 135.5 MB.

Unloading 17 unused Assets to reduce memory usage. Loaded Objects now: 4047.
Total: 2.582900 ms (FindLiveObjects: 0.310700 ms CreateObjectMapping: 0.193800 ms MarkObjects: 1.976900 ms  DeleteObjects: 0.100800 ms)

========================================================================
Received Prepare
Registering precompiled user dll's ...
Registered in 0.002682 seconds.
Begin MonoManager ReloadAssembly
Native extension for Lumin target not found
Native extension for LinuxStandalone target not found
Native extension for WindowsStandalone target not found
Native extension for OSXStandalone target not found
Native extension for WebGL target not found
Refreshing native plugins compatible for Editor in 0.61 ms, found 2 plugins.
Preloading 0 native plugins for Editor in 0.00 ms.
Mono: successfully reloaded assembly
- Completed reload, in  1.014 seconds
Platform modules already initialized, skipping
Refreshing native plugins compatible for Editor in 0.61 ms, found 2 plugins.
Preloading 0 native plugins for Editor in 0.00 ms.
Unloading 3395 Unused Serialized files (Serialized files now loaded: 0)
System memory in use before: 135.3 MB.
System memory in use after: 135.4 MB.

Unloading 17 unused Assets to reduce memory usage. Loaded Objects now: 4051.
Total: 2.844700 ms (FindLiveObjects: 0.355300 ms CreateObjectMapping: 0.172000 ms MarkObjects: 2.218400 ms  DeleteObjects: 0.098000 ms)

========================================================================
Received Import Request.
  Time since last request: 235.259789 seconds.
  path: Assets/Sprites/MovementButton.psd
  artifactKey: Guid(4e0013e9a83a93b4480ff25f7ec773ff) Importer(815301076,1909f56bfc062723c751e8b465ee728b)
Start importing Assets/Sprites/MovementButton.psd using Guid(4e0013e9a83a93b4480ff25f7ec773ff) Importer(815301076,1909f56bfc062723c751e8b465ee728b)  -> (artifact id: 'a2aac652e456439ae1dd89a48a9bf46c') in 0.053349 seconds 
========================================================================
Received Prepare
Registering precompiled user dll's ...
Registered in 0.002763 seconds.
Begin MonoManager ReloadAssembly
Native extension for Lumin target not found
Native extension for LinuxStandalone target not found
Native extension for WindowsStandalone target not found
Native extension for OSXStandalone target not found
Native extension for WebGL target not found
Refreshing native plugins compatible for Editor in 0.62 ms, found 2 plugins.
Preloading 0 native plugins for Editor in 0.00 ms.
Mono: successfully reloaded assembly
- Completed reload, in  1.004 seconds
Platform modules already initialized, skipping
Refreshing native plugins compatible for Editor in 0.62 ms, found 2 plugins.
Preloading 0 native plugins for Editor in 0.00 ms.
Unloading 3395 Unused Serialized files (Serialized files now loaded: 0)
System memory in use before: 135.7 MB.
System memory in use after: 135.9 MB.

Unloading 17 unused Assets to reduce memory usage. Loaded Objects now: 4070.
Total: 5.742500 ms (FindLiveObjects: 0.636200 ms CreateObjectMapping: 0.480900 ms MarkObjects: 4.429800 ms  DeleteObjects: 0.192800 ms)

========================================================================
Received Import Request.
  Time since last request: 59.762400 seconds.
  path: Assets/Sprites/MovementButton.psd
  artifactKey: Guid(4e0013e9a83a93b4480ff25f7ec773ff) Importer(815301076,1909f56bfc062723c751e8b465ee728b)
Start importing Assets/Sprites/MovementButton.psd using Guid(4e0013e9a83a93b4480ff25f7ec773ff) Importer(815301076,1909f56bfc062723c751e8b465ee728b)  -> (artifact id: 'e8608c309ba1fd331f0ef71db902490d') in 0.091624 seconds 
========================================================================
Received Prepare
Registering precompiled user dll's ...
Registered in 0.002664 seconds.
Begin MonoManager ReloadAssembly
Native extension for Lumin target not found
Native extension for LinuxStandalone target not found
Native extension for WindowsStandalone target not found
Native extension for OSXStandalone target not found
Native extension for WebGL target not found
Refreshing native plugins compatible for Editor in 0.61 ms, found 2 plugins.
Preloading 0 native plugins for Editor in 0.00 ms.
Mono: successfully reloaded assembly
- Completed reload, in  0.973 seconds
Platform modules already initialized, skipping
Refreshing native plugins compatible for Editor in 0.76 ms, found 2 plugins.
Preloading 0 native plugins for Editor in 0.00 ms.
Unloading 3395 Unused Serialized files (Serialized files now loaded: 0)
System memory in use before: 136.2 MB.
System memory in use after: 136.3 MB.

Unloading 17 unused Assets to reduce memory usage. Loaded Objects now: 4089.
Total: 8.605000 ms (FindLiveObjects: 1.737800 ms CreateObjectMapping: 0.742900 ms MarkObjects: 5.924100 ms  DeleteObjects: 0.197100 ms)

========================================================================
Received Import Request.
  Time since last request: 61.141433 seconds.
  path: Assets/Sprites/MovementButton.psd
  artifactKey: Guid(4e0013e9a83a93b4480ff25f7ec773ff) Importer(815301076,1909f56bfc062723c751e8b465ee728b)
Start importing Assets/Sprites/MovementButton.psd using Guid(4e0013e9a83a93b4480ff25f7ec773ff) Importer(815301076,1909f56bfc062723c751e8b465ee728b)  -> (artifact id: '63774756f4a278d3cee93474f31d27a4') in 0.055553 seconds 
========================================================================
Received Prepare
Registering precompiled user dll's ...
Registered in 0.002683 seconds.
Begin MonoManager ReloadAssembly
Native extension for Lumin target not found
Native extension for LinuxStandalone target not found
Native extension for WindowsStandalone target not found
Native extension for OSXStandalone target not found
Native extension for WebGL target not found
Refreshing native plugins compatible for Editor in 0.82 ms, found 2 plugins.
Preloading 0 native plugins for Editor in 0.00 ms.
Mono: successfully reloaded assembly
- Completed reload, in  0.965 seconds
Platform modules already initialized, skipping
Refreshing native plugins compatible for Editor in 0.71 ms, found 2 plugins.
Preloading 0 native plugins for Editor in 0.00 ms.
Unloading 3395 Unused Serialized files (Serialized files now loaded: 0)
System memory in use before: 136.6 MB.
System memory in use after: 136.7 MB.

Unloading 17 unused Assets to reduce memory usage. Loaded Objects now: 4108.
Total: 2.807300 ms (FindLiveObjects: 0.325600 ms CreateObjectMapping: 0.180900 ms MarkObjects: 2.181400 ms  DeleteObjects: 0.118500 ms)

========================================================================
Received Prepare
Registering precompiled user dll's ...
Registered in 0.002748 seconds.
Begin MonoManager ReloadAssembly
Native extension for Lumin target not found
Native extension for LinuxStandalone target not found
Native extension for WindowsStandalone target not found
Native extension for OSXStandalone target not found
Native extension for WebGL target not found
Refreshing native plugins compatible for Editor in 0.62 ms, found 2 plugins.
Preloading 0 native plugins for Editor in 0.00 ms.
Mono: successfully reloaded assembly
- Completed reload, in  0.976 seconds
Platform modules already initialized, skipping
Refreshing native plugins compatible for Editor in 0.63 ms, found 2 plugins.
Preloading 0 native plugins for Editor in 0.00 ms.
Unloading 3395 Unused Serialized files (Serialized files now loaded: 0)
System memory in use before: 136.6 MB.
System memory in use after: 136.7 MB.

Unloading 17 unused Assets to reduce memory usage. Loaded Objects now: 4112.
Total: 3.016200 ms (FindLiveObjects: 0.316600 ms CreateObjectMapping: 0.210500 ms MarkObjects: 2.384700 ms  DeleteObjects: 0.103600 ms)

========================================================================
Received Prepare
Registering precompiled user dll's ...
Registered in 0.002710 seconds.
Begin MonoManager ReloadAssembly
Native extension for Lumin target not found
Native extension for LinuxStandalone target not found
Native extension for WindowsStandalone target not found
Native extension for OSXStandalone target not found
Native extension for WebGL target not found
Refreshing native plugins compatible for Editor in 0.61 ms, found 2 plugins.
Preloading 0 native plugins for Editor in 0.00 ms.
Mono: successfully reloaded assembly
- Completed reload, in  0.972 seconds
Platform modules already initialized, skipping
Refreshing native plugins compatible for Editor in 0.62 ms, found 2 plugins.
Preloading 0 native plugins for Editor in 0.00 ms.
Unloading 3395 Unused Serialized files (Serialized files now loaded: 0)
System memory in use before: 136.6 MB.
System memory in use after: 136.7 MB.

Unloading 17 unused Assets to reduce memory usage. Loaded Objects now: 4116.
Total: 2.793100 ms (FindLiveObjects: 0.341700 ms CreateObjectMapping: 0.201700 ms MarkObjects: 2.146100 ms  DeleteObjects: 0.102800 ms)

========================================================================
Received Prepare
Registering precompiled user dll's ...
Registered in 0.003031 seconds.
Begin MonoManager ReloadAssembly
Native extension for Lumin target not found
Native extension for LinuxStandalone target not found
Native extension for WindowsStandalone target not found
Native extension for OSXStandalone target not found
Native extension for WebGL target not found
Refreshing native plugins compatible for Editor in 0.62 ms, found 2 plugins.
Preloading 0 native plugins for Editor in 0.00 ms.
Mono: successfully reloaded assembly
- Completed reload, in  1.021 seconds
Platform modules already initialized, skipping
Refreshing native plugins compatible for Editor in 0.62 ms, found 2 plugins.
Preloading 0 native plugins for Editor in 0.00 ms.
Unloading 3395 Unused Serialized files (Serialized files now loaded: 0)
System memory in use before: 136.6 MB.
System memory in use after: 136.7 MB.

Unloading 17 unused Assets to reduce memory usage. Loaded Objects now: 4120.
Total: 2.804500 ms (FindLiveObjects: 0.298200 ms CreateObjectMapping: 0.179100 ms MarkObjects: 2.205400 ms  DeleteObjects: 0.121000 ms)

========================================================================
Received Prepare
Registering precompiled user dll's ...
Registered in 0.002682 seconds.
Begin MonoManager ReloadAssembly
Native extension for Lumin target not found
Native extension for LinuxStandalone target not found
Native extension for WindowsStandalone target not found
Native extension for OSXStandalone target not found
Native extension for WebGL target not found
Refreshing native plugins compatible for Editor in 0.71 ms, found 2 plugins.
Preloading 0 native plugins for Editor in 0.00 ms.
Mono: successfully reloaded assembly
- Completed reload, in  1.004 seconds
Platform modules already initialized, skipping
Refreshing native plugins compatible for Editor in 0.69 ms, found 2 plugins.
Preloading 0 native plugins for Editor in 0.00 ms.
Unloading 3395 Unused Serialized files (Serialized files now loaded: 0)
System memory in use before: 136.6 MB.
System memory in use after: 136.7 MB.

Unloading 17 unused Assets to reduce memory usage. Loaded Objects now: 4124.
Total: 6.635000 ms (FindLiveObjects: 0.617900 ms CreateObjectMapping: 0.476700 ms MarkObjects: 5.339700 ms  DeleteObjects: 0.198300 ms)

========================================================================
Received Prepare
Registering precompiled user dll's ...
Registered in 0.002786 seconds.
Begin MonoManager ReloadAssembly
Native extension for Lumin target not found
Native extension for LinuxStandalone target not found
Native extension for WindowsStandalone target not found
Native extension for OSXStandalone target not found
Native extension for WebGL target not found
Refreshing native plugins compatible for Editor in 0.61 ms, found 2 plugins.
Preloading 0 native plugins for Editor in 0.00 ms.
Mono: successfully reloaded assembly
- Completed reload, in  0.991 seconds
Platform modules already initialized, skipping
Refreshing native plugins compatible for Editor in 0.62 ms, found 2 plugins.
Preloading 0 native plugins for Editor in 0.00 ms.
Unloading 3395 Unused Serialized files (Serialized files now loaded: 0)
System memory in use before: 136.6 MB.
System memory in use after: 136.7 MB.

Unloading 17 unused Assets to reduce memory usage. Loaded Objects now: 4128.
Total: 2.723400 ms (FindLiveObjects: 0.293300 ms CreateObjectMapping: 0.180800 ms MarkObjects: 2.138500 ms  DeleteObjects: 0.109800 ms)

========================================================================
Received Prepare
Registering precompiled user dll's ...
Registered in 0.002769 seconds.
Begin MonoManager ReloadAssembly
Native extension for Lumin target not found
Native extension for LinuxStandalone target not found
Native extension for WindowsStandalone target not found
Native extension for OSXStandalone target not found
Native extension for WebGL target not found
Refreshing native plugins compatible for Editor in 0.65 ms, found 2 plugins.
Preloading 0 native plugins for Editor in 0.00 ms.
Mono: successfully reloaded assembly
- Completed reload, in  0.998 seconds
Platform modules already initialized, skipping
Refreshing native plugins compatible for Editor in 0.61 ms, found 2 plugins.
Preloading 0 native plugins for Editor in 0.00 ms.
Unloading 3395 Unused Serialized files (Serialized files now loaded: 0)
System memory in use before: 136.6 MB.
System memory in use after: 136.7 MB.

Unloading 17 unused Assets to reduce memory usage. Loaded Objects now: 4132.
Total: 2.682800 ms (FindLiveObjects: 0.295700 ms CreateObjectMapping: 0.177100 ms MarkObjects: 2.113100 ms  DeleteObjects: 0.096100 ms)

========================================================================
Received Prepare
Registering precompiled user dll's ...
Registered in 0.002680 seconds.
Begin MonoManager ReloadAssembly
Native extension for Lumin target not found
Native extension for LinuxStandalone target not found
Native extension for WindowsStandalone target not found
Native extension for OSXStandalone target not found
Native extension for WebGL target not found
Refreshing native plugins compatible for Editor in 0.61 ms, found 2 plugins.
Preloading 0 native plugins for Editor in 0.00 ms.
Mono: successfully reloaded assembly
- Completed reload, in  0.998 seconds
Platform modules already initialized, skipping
Refreshing native plugins compatible for Editor in 0.64 ms, found 2 plugins.
Preloading 0 native plugins for Editor in 0.00 ms.
Unloading 3395 Unused Serialized files (Serialized files now loaded: 0)
System memory in use before: 136.6 MB.
System memory in use after: 136.7 MB.

Unloading 17 unused Assets to reduce memory usage. Loaded Objects now: 4136.
Total: 2.710100 ms (FindLiveObjects: 0.297000 ms CreateObjectMapping: 0.167000 ms MarkObjects: 2.147000 ms  DeleteObjects: 0.097800 ms)

========================================================================
Received Prepare
Registering precompiled user dll's ...
Registered in 0.002713 seconds.
Begin MonoManager ReloadAssembly
Native extension for Lumin target not found
Native extension for LinuxStandalone target not found
Native extension for WindowsStandalone target not found
Native extension for OSXStandalone target not found
Native extension for WebGL target not found
Refreshing native plugins compatible for Editor in 0.68 ms, found 2 plugins.
Preloading 0 native plugins for Editor in 0.00 ms.
Mono: successfully reloaded assembly
- Completed reload, in  0.991 seconds
Platform modules already initialized, skipping
Refreshing native plugins compatible for Editor in 0.65 ms, found 2 plugins.
Preloading 0 native plugins for Editor in 0.00 ms.
Unloading 3395 Unused Serialized files (Serialized files now loaded: 0)
System memory in use before: 136.6 MB.
System memory in use after: 136.7 MB.

Unloading 17 unused Assets to reduce memory usage. Loaded Objects now: 4140.
Total: 2.778600 ms (FindLiveObjects: 0.317800 ms CreateObjectMapping: 0.192500 ms MarkObjects: 2.154100 ms  DeleteObjects: 0.112600 ms)

========================================================================
Received Prepare
Registering precompiled user dll's ...
Registered in 0.002808 seconds.
Begin MonoManager ReloadAssembly
Native extension for Lumin target not found
Native extension for LinuxStandalone target not found
Native extension for WindowsStandalone target not found
Native extension for OSXStandalone target not found
Native extension for WebGL target not found
Refreshing native plugins compatible for Editor in 0.66 ms, found 2 plugins.
Preloading 0 native plugins for Editor in 0.00 ms.
Mono: successfully reloaded assembly
- Completed reload, in  0.979 seconds
Platform modules already initialized, skipping
Refreshing native plugins compatible for Editor in 0.61 ms, found 2 plugins.
Preloading 0 native plugins for Editor in 0.00 ms.
Unloading 3395 Unused Serialized files (Serialized files now loaded: 0)
System memory in use before: 136.6 MB.
System memory in use after: 136.7 MB.

Unloading 17 unused Assets to reduce memory usage. Loaded Objects now: 4144.
Total: 10.071500 ms (FindLiveObjects: 0.812600 ms CreateObjectMapping: 0.610700 ms MarkObjects: 8.245300 ms  DeleteObjects: 0.399200 ms)

========================================================================
Received Prepare
Registering precompiled user dll's ...
Registered in 0.002907 seconds.
Begin MonoManager ReloadAssembly
Native extension for Lumin target not found
Native extension for LinuxStandalone target not found
Native extension for WindowsStandalone target not found
Native extension for OSXStandalone target not found
Native extension for WebGL target not found
Refreshing native plugins compatible for Editor in 0.61 ms, found 2 plugins.
Preloading 0 native plugins for Editor in 0.00 ms.
Mono: successfully reloaded assembly
- Completed reload, in  0.993 seconds
Platform modules already initialized, skipping
Refreshing native plugins compatible for Editor in 0.61 ms, found 2 plugins.
Preloading 0 native plugins for Editor in 0.00 ms.
Unloading 3395 Unused Serialized files (Serialized files now loaded: 0)
System memory in use before: 136.6 MB.
System memory in use after: 136.7 MB.

Unloading 17 unused Assets to reduce memory usage. Loaded Objects now: 4148.
Total: 10.488000 ms (FindLiveObjects: 0.514100 ms CreateObjectMapping: 0.352100 ms MarkObjects: 9.480000 ms  DeleteObjects: 0.140200 ms)

========================================================================
Received Prepare
Registering precompiled user dll's ...
Registered in 0.002960 seconds.
Begin MonoManager ReloadAssembly
Native extension for Lumin target not found
Native extension for LinuxStandalone target not found
Native extension for WindowsStandalone target not found
Native extension for OSXStandalone target not found
Native extension for WebGL target not found
Refreshing native plugins compatible for Editor in 0.62 ms, found 2 plugins.
Preloading 0 native plugins for Editor in 0.00 ms.
Mono: successfully reloaded assembly
- Completed reload, in  0.996 seconds
Platform modules already initialized, skipping
Refreshing native plugins compatible for Editor in 0.61 ms, found 2 plugins.
Preloading 0 native plugins for Editor in 0.00 ms.
Unloading 3395 Unused Serialized files (Serialized files now loaded: 0)
System memory in use before: 136.6 MB.
System memory in use after: 136.7 MB.

Unloading 17 unused Assets to reduce memory usage. Loaded Objects now: 4152.
Total: 2.729800 ms (FindLiveObjects: 0.286200 ms CreateObjectMapping: 0.174500 ms MarkObjects: 2.161200 ms  DeleteObjects: 0.106900 ms)

========================================================================
Received Prepare
Registering precompiled user dll's ...
Registered in 0.002666 seconds.
Begin MonoManager ReloadAssembly
Native extension for Lumin target not found
Native extension for LinuxStandalone target not found
Native extension for WindowsStandalone target not found
Native extension for OSXStandalone target not found
Native extension for WebGL target not found
Refreshing native plugins compatible for Editor in 0.61 ms, found 2 plugins.
Preloading 0 native plugins for Editor in 0.00 ms.
Mono: successfully reloaded assembly
- Completed reload, in  1.000 seconds
Platform modules already initialized, skipping
Refreshing native plugins compatible for Editor in 0.61 ms, found 2 plugins.
Preloading 0 native plugins for Editor in 0.00 ms.
Unloading 3395 Unused Serialized files (Serialized files now loaded: 0)
System memory in use before: 136.7 MB.
System memory in use after: 136.8 MB.

Unloading 17 unused Assets to reduce memory usage. Loaded Objects now: 4156.
Total: 2.748200 ms (FindLiveObjects: 0.371000 ms CreateObjectMapping: 0.171900 ms MarkObjects: 2.106700 ms  DeleteObjects: 0.097700 ms)

========================================================================
Received Prepare
Registering precompiled user dll's ...
Registered in 0.002704 seconds.
Begin MonoManager ReloadAssembly
Native extension for Lumin target not found
Native extension for LinuxStandalone target not found
Native extension for WindowsStandalone target not found
Native extension for OSXStandalone target not found
Native extension for WebGL target not found
Refreshing native plugins compatible for Editor in 0.63 ms, found 2 plugins.
Preloading 0 native plugins for Editor in 0.00 ms.
Mono: successfully reloaded assembly
- Completed reload, in  1.004 seconds
Platform modules already initialized, skipping
Refreshing native plugins compatible for Editor in 0.66 ms, found 2 plugins.
Preloading 0 native plugins for Editor in 0.00 ms.
Unloading 3395 Unused Serialized files (Serialized files now loaded: 0)
System memory in use before: 136.7 MB.
System memory in use after: 136.8 MB.

Unloading 17 unused Assets to reduce memory usage. Loaded Objects now: 4160.
Total: 9.737000 ms (FindLiveObjects: 0.832400 ms CreateObjectMapping: 0.602200 ms MarkObjects: 7.959400 ms  DeleteObjects: 0.340000 ms)

========================================================================
Received Prepare
Registering precompiled user dll's ...
Registered in 0.002854 seconds.
Begin MonoManager ReloadAssembly
Native extension for Lumin target not found
Native extension for LinuxStandalone target not found
Native extension for WindowsStandalone target not found
Native extension for OSXStandalone target not found
Native extension for WebGL target not found
Refreshing native plugins compatible for Editor in 0.60 ms, found 2 plugins.
Preloading 0 native plugins for Editor in 0.00 ms.
Mono: successfully reloaded assembly
- Completed reload, in  1.018 seconds
Platform modules already initialized, skipping
Refreshing native plugins compatible for Editor in 0.62 ms, found 2 plugins.
Preloading 0 native plugins for Editor in 0.00 ms.
Unloading 3395 Unused Serialized files (Serialized files now loaded: 0)
System memory in use before: 136.7 MB.
System memory in use after: 136.8 MB.

Unloading 17 unused Assets to reduce memory usage. Loaded Objects now: 4164.
Total: 2.713000 ms (FindLiveObjects: 0.285400 ms CreateObjectMapping: 0.162700 ms MarkObjects: 2.165600 ms  DeleteObjects: 0.098500 ms)

========================================================================
Received Import Request.
  Time since last request: 1715.661910 seconds.
  path: Assets/Scenes/test.unity
  artifactKey: Guid(ad3a2801b5ce57d4da2997bcf0dc9b25) Importer(815301076,1909f56bfc062723c751e8b465ee728b)
Start importing Assets/Scenes/test.unity using Guid(ad3a2801b5ce57d4da2997bcf0dc9b25) Importer(815301076,1909f56bfc062723c751e8b465ee728b)  -> (artifact id: '4be5b3a253ebb678a82f20aa7568e01f') in 0.019221 seconds 
========================================================================
Received Import Request.
  Time since last request: 3.528152 seconds.
  path: Assets/Scenes/SampleScene.unity
  artifactKey: Guid(2cda990e2423bbf4892e6590ba056729) Importer(815301076,1909f56bfc062723c751e8b465ee728b)
Start importing Assets/Scenes/SampleScene.unity using Guid(2cda990e2423bbf4892e6590ba056729) Importer(815301076,1909f56bfc062723c751e8b465ee728b)  -> (artifact id: 'd5d17765156bf00811dffa18e0094d65') in 0.011711 seconds 
========================================================================
Received Import Request.
  Time since last request: 10.884947 seconds.
  path: Assets/Scenes/MainScene.unity
  artifactKey: Guid(2cda990e2423bbf4892e6590ba056729) Importer(815301076,1909f56bfc062723c751e8b465ee728b)
Start importing Assets/Scenes/MainScene.unity using Guid(2cda990e2423bbf4892e6590ba056729) Importer(815301076,1909f56bfc062723c751e8b465ee728b)  -> (artifact id: '070ef0899b5e6137c6ed58231c0da061') in 0.012866 seconds 
========================================================================
Received Prepare
Registering precompiled user dll's ...
Registered in 0.002784 seconds.
Begin MonoManager ReloadAssembly
Native extension for Lumin target not found
Native extension for LinuxStandalone target not found
Native extension for WindowsStandalone target not found
Native extension for OSXStandalone target not found
Native extension for WebGL target not found
Refreshing native plugins compatible for Editor in 0.64 ms, found 2 plugins.
Preloading 0 native plugins for Editor in 0.00 ms.
Mono: successfully reloaded assembly
- Completed reload, in  1.133 seconds
Platform modules already initialized, skipping
Switching build target platform(19) subTarget(0) extendedPlatform(0) -> platform(13) subTarget(537395200) extendedPlatform(0)
Refreshing native plugins compatible for Editor in 0.74 ms, found 2 plugins.
Preloading 0 native plugins for Editor in 0.00 ms.
Unloading 3399 Unused Serialized files (Serialized files now loaded: 0)
System memory in use before: 136.8 MB.
System memory in use after: 136.9 MB.

Unloading 17 unused Assets to reduce memory usage. Loaded Objects now: 4168.
Total: 2.625700 ms (FindLiveObjects: 0.335400 ms CreateObjectMapping: 0.213800 ms MarkObjects: 1.974100 ms  DeleteObjects: 0.101200 ms)

AssetImportParameters requested are different than current active one (requested -> active):
  custom:graphics/normal-map-encoding: 01000000000000000000000000000000 -> 02000000000000000000000000000000
========================================================================
Received Prepare
Refreshing native plugins compatible for Editor in 2.33 ms, found 2 plugins.
Preloading 0 native plugins for Editor in 0.00 ms.
Unloading 15 Unused Serialized files (Serialized files now loaded: 0)
System memory in use before: 69.7 MB.
System memory in use after: 69.8 MB.

Unloading 15 unused Assets to reduce memory usage. Loaded Objects now: 4168.
Total: 2.587800 ms (FindLiveObjects: 0.288400 ms CreateObjectMapping: 0.175900 ms MarkObjects: 2.017700 ms  DeleteObjects: 0.104600 ms)

========================================================================
Received Prepare
Refreshing native plugins compatible for Editor in 2.27 ms, found 2 plugins.
Preloading 0 native plugins for Editor in 0.00 ms.
Unloading 15 Unused Serialized files (Serialized files now loaded: 0)
System memory in use before: 69.7 MB.
System memory in use after: 69.8 MB.

Unloading 15 unused Assets to reduce memory usage. Loaded Objects now: 4168.
Total: 3.109000 ms (FindLiveObjects: 0.661500 ms CreateObjectMapping: 0.246000 ms MarkObjects: 2.098200 ms  DeleteObjects: 0.101400 ms)

========================================================================
Received Prepare
Refreshing native plugins compatible for Editor in 3.26 ms, found 2 plugins.
Preloading 0 native plugins for Editor in 0.00 ms.
Unloading 15 Unused Serialized files (Serialized files now loaded: 0)
System memory in use before: 69.8 MB.
System memory in use after: 69.9 MB.

Unloading 15 unused Assets to reduce memory usage. Loaded Objects now: 4168.
Total: 3.851600 ms (FindLiveObjects: 0.351400 ms CreateObjectMapping: 0.182300 ms MarkObjects: 3.201600 ms  DeleteObjects: 0.114600 ms)

AssetImportWorkerClient::OnTransportError - code=2 error=End of file
